# JRE version: Java(TM) SE Runtime Environment (8.0_162-b12) (build 1.8.0_162-b12)
# Java VM: Java HotSpot(TM) 64-Bit Server VM (25.162-b12 mixed mode linux-amd64 compressed oops)
Heap:
 PSYoungGen      total 74752K, used 9501K [0x000000076d000000, 0x0000000772300000, 0x00000007c0000000)
  eden space 64512K, 14% used [0x000000076d000000,0x000000076d9477f0,0x0000000770f00000)
  from space 10240K, 0% used [0x0000000770f00000,0x0000000770f00000,0x0000000771900000)
  to   space 10240K, 0% used [0x0000000771900000,0x0000000771900000,0x0000000772300000)
 ParOldGen       total 74240K, used 9595K [0x00000006c7000000, 0x00000006cb880000, 0x000000076d000000)
  object space 74240K, 12% used [0x00000006c7000000,0x00000006c795ef10,0x00000006cb880000)
 Metaspace       used 21852K, capacity 22632K, committed 22912K, reserved 1069056K
  class space    used 2944K, capacity 3160K, committed 3200K, reserved 1048576K
GC Heap History (4 events):
Event: 7.821 GC heap before
{Heap before GC invocations=1 (full 0):
 PSYoungGen      total 74752K, used 54435K [0x000000076d000000, 0x0000000772300000, 0x00000007c0000000)
  eden space 64512K, 84% used [0x000000076d000000,0x0000000770528e78,0x0000000770f00000)
  from space 10240K, 0% used [0x0000000771900000,0x0000000771900000,0x0000000772300000)
  to   space 10240K, 0% used [0x0000000770f00000,0x0000000770f00000,0x0000000771900000)
 ParOldGen       total 171008K, used 0K [0x00000006c7000000, 0x00000006d1700000, 0x000000076d000000)
  object space 171008K, 0% used [0x00000006c7000000,0x00000006c7000000,0x00000006d1700000)
 Metaspace       used 20381K, capacity 21086K, committed 21248K, reserved 1067008K
  class space    used 2772K, capacity 2981K, committed 3072K, reserved 1048576K
Event: 7.829 GC heap after
Heap after GC invocations=1 (full 0):
 PSYoungGen      total 74752K, used 9789K [0x000000076d000000, 0x0000000772300000, 0x00000007c0000000)
  eden space 64512K, 0% used [0x000000076d000000,0x000000076d000000,0x0000000770f00000)
  from space 10240K, 95% used [0x0000000770f00000,0x000000077188f488,0x0000000771900000)
  to   space 10240K, 0% used [0x0000000771900000,0x0000000771900000,0x0000000772300000)
 ParOldGen       total 171008K, used 96K [0x00000006c7000000, 0x00000006d1700000, 0x000000076d000000)
  object space 171008K, 0% used [0x00000006c7000000,0x00000006c7018010,0x00000006d1700000)
 Metaspace       used 20381K, capacity 21086K, committed 21248K, reserved 1067008K
  class space    used 2772K, capacity 2981K, committed 3072K, reserved 1048576K
}
Event: 7.829 GC heap before
{Heap before GC invocations=2 (full 1):
 PSYoungGen      total 74752K, used 9789K [0x000000076d000000, 0x0000000772300000, 0x00000007c0000000)
  eden space 64512K, 0% used [0x000000076d000000,0x000000076d000000,0x0000000770f00000)
  from space 10240K, 95% used [0x0000000770f00000,0x000000077188f488,0x0000000771900000)
  to   space 10240K, 0% used [0x0000000771900000,0x0000000771900000,0x0000000772300000)
 ParOldGen       total 171008K, used 96K [0x00000006c7000000, 0x00000006d1700000, 0x000000076d000000)
  object space 171008K, 0% used [0x00000006c7000000,0x00000006c7018010,0x00000006d1700000)
 Metaspace       used 20381K, capacity 21086K, committed 21248K, reserved 1067008K
  class space    used 2772K, capacity 2981K, committed 3072K, reserved 1048576K
Event: 7.852 GC heap after
Heap after GC invocations=2 (full 1):
 PSYoungGen      total 74752K, used 0K [0x000000076d000000, 0x0000000772300000, 0x00000007c0000000)
  eden space 64512K, 0% used [0x000000076d000000,0x000000076d000000,0x0000000770f00000)
  from space 10240K, 0% used [0x0000000770f00000,0x0000000770f00000,0x0000000771900000)
  to   space 10240K, 0% used [0x0000000771900000,0x0000000771900000,0x0000000772300000)
 ParOldGen       total 74240K, used 9595K [0x00000006c7000000, 0x00000006cb880000, 0x000000076d000000)
  object space 74240K, 12% used [0x00000006c7000000,0x00000006c795ef10,0x00000006cb880000)
 Metaspace       used 20381K, capacity 21086K, committed 21248K, reserved 1067008K
  class space    used 2772K, capacity 2981K, committed 3072K, reserved 1048576K
}

