# JRE version: Java(TM) SE Runtime Environment (8.0_162-b12) (build 1.8.0_162-b12)
# Java VM: Java HotSpot(TM) 64-Bit Server VM (25.162-b12 mixed mode linux-amd64 compressed oops)
Heap:
 PSYoungGen      total 74752K, used 38410K [0x000000076d000000, 0x0000000772300000, 0x00000007c0000000)
  eden space 64512K, 59% used [0x000000076d000000,0x000000076f582938,0x0000000770f00000)
  from space 10240K, 0% used [0x0000000770f00000,0x0000000770f00000,0x0000000771900000)
  to   space 10240K, 0% used [0x0000000771900000,0x0000000771900000,0x0000000772300000)
 ParOldGen       total 74752K, used 9902K [0x00000006c7000000, 0x00000006cb900000, 0x000000076d000000)
  object space 74752K, 13% used [0x00000006c7000000,0x00000006c79abba0,0x00000006cb900000)
 Metaspace       used 28778K, capacity 31274K, committed 31488K, reserved 1075200K
  class space    used 4299K, capacity 4779K, committed 4864K, reserved 1048576K
GC Heap History (4 events):
Event: 5.944 GC heap before
{Heap before GC invocations=1 (full 0):
 PSYoungGen      total 74752K, used 54562K [0x000000076d000000, 0x0000000772300000, 0x00000007c0000000)
  eden space 64512K, 84% used [0x000000076d000000,0x00000007705488f0,0x0000000770f00000)
  from space 10240K, 0% used [0x0000000771900000,0x0000000771900000,0x0000000772300000)
  to   space 10240K, 0% used [0x0000000770f00000,0x0000000770f00000,0x0000000771900000)
 ParOldGen       total 171008K, used 0K [0x00000006c7000000, 0x00000006d1700000, 0x000000076d000000)
  object space 171008K, 0% used [0x00000006c7000000,0x00000006c7000000,0x00000006d1700000)
 Metaspace       used 20434K, capacity 21164K, committed 21248K, reserved 1067008K
  class space    used 2807K, capacity 3010K, committed 3072K, reserved 1048576K
Event: 5.952 GC heap after
Heap after GC invocations=1 (full 0):
 PSYoungGen      total 74752K, used 10092K [0x000000076d000000, 0x0000000772300000, 0x00000007c0000000)
  eden space 64512K, 0% used [0x000000076d000000,0x000000076d000000,0x0000000770f00000)
  from space 10240K, 98% used [0x0000000770f00000,0x00000007718db310,0x0000000771900000)
  to   space 10240K, 0% used [0x0000000771900000,0x0000000771900000,0x0000000772300000)
 ParOldGen       total 171008K, used 96K [0x00000006c7000000, 0x00000006d1700000, 0x000000076d000000)
  object space 171008K, 0% used [0x00000006c7000000,0x00000006c7018010,0x00000006d1700000)
 Metaspace       used 20434K, capacity 21164K, committed 21248K, reserved 1067008K
  class space    used 2807K, capacity 3010K, committed 3072K, reserved 1048576K
}
Event: 5.952 GC heap before
{Heap before GC invocations=2 (full 1):
 PSYoungGen      total 74752K, used 10092K [0x000000076d000000, 0x0000000772300000, 0x00000007c0000000)
  eden space 64512K, 0% used [0x000000076d000000,0x000000076d000000,0x0000000770f00000)
  from space 10240K, 98% used [0x0000000770f00000,0x00000007718db310,0x0000000771900000)
  to   space 10240K, 0% used [0x0000000771900000,0x0000000771900000,0x0000000772300000)
 ParOldGen       total 171008K, used 96K [0x00000006c7000000, 0x00000006d1700000, 0x000000076d000000)
  object space 171008K, 0% used [0x00000006c7000000,0x00000006c7018010,0x00000006d1700000)
 Metaspace       used 20434K, capacity 21164K, committed 21248K, reserved 1067008K
  class space    used 2807K, capacity 3010K, committed 3072K, reserved 1048576K
Event: 5.976 GC heap after
Heap after GC invocations=2 (full 1):
 PSYoungGen      total 74752K, used 0K [0x000000076d000000, 0x0000000772300000, 0x00000007c0000000)
  eden space 64512K, 0% used [0x000000076d000000,0x000000076d000000,0x0000000770f00000)
  from space 10240K, 0% used [0x0000000770f00000,0x0000000770f00000,0x0000000771900000)
  to   space 10240K, 0% used [0x0000000771900000,0x0000000771900000,0x0000000772300000)
 ParOldGen       total 74752K, used 9902K [0x00000006c7000000, 0x00000006cb900000, 0x000000076d000000)
  object space 74752K, 13% used [0x00000006c7000000,0x00000006c79abba0,0x00000006cb900000)
 Metaspace       used 20434K, capacity 21164K, committed 21248K, reserved 1067008K
  class space    used 2807K, capacity 3010K, committed 3072K, reserved 1048576K
}

