# JRE version: Java(TM) SE Runtime Environment (8.0_162-b12) (build 1.8.0_162-b12)
# Java VM: Java HotSpot(TM) 64-Bit Server VM (25.162-b12 mixed mode linux-amd64 compressed oops)
Heap:
 PSYoungGen      total 74752K, used 41844K [0x000000076d000000, 0x0000000772300000, 0x00000007c0000000)
  eden space 64512K, 64% used [0x000000076d000000,0x000000076f8dd288,0x0000000770f00000)
  from space 10240K, 0% used [0x0000000770f00000,0x0000000770f00000,0x0000000771900000)
  to   space 10240K, 0% used [0x0000000771900000,0x0000000771900000,0x0000000772300000)
 ParOldGen       total 74752K, used 9743K [0x00000006c7000000, 0x00000006cb900000, 0x000000076d000000)
  object space 74752K, 13% used [0x00000006c7000000,0x00000006c7983fb8,0x00000006cb900000)
 Metaspace       used 28999K, capacity 31414K, committed 31744K, reserved 1077248K
  class space    used 4315K, capacity 4781K, committed 4864K, reserved 1048576K
GC Heap History (4 events):
Event: 5.975 GC heap before
{Heap before GC invocations=1 (full 0):
 PSYoungGen      total 74752K, used 53269K [0x000000076d000000, 0x0000000772300000, 0x00000007c0000000)
  eden space 64512K, 82% used [0x000000076d000000,0x0000000770405700,0x0000000770f00000)
  from space 10240K, 0% used [0x0000000771900000,0x0000000771900000,0x0000000772300000)
  to   space 10240K, 0% used [0x0000000770f00000,0x0000000770f00000,0x0000000771900000)
 ParOldGen       total 171008K, used 0K [0x00000006c7000000, 0x00000006d1700000, 0x000000076d000000)
  object space 171008K, 0% used [0x00000006c7000000,0x00000006c7000000,0x00000006d1700000)
 Metaspace       used 20389K, capacity 21068K, committed 21248K, reserved 1067008K
  class space    used 2789K, capacity 2978K, committed 3072K, reserved 1048576K
Event: 5.982 GC heap after
Heap after GC invocations=1 (full 0):
 PSYoungGen      total 74752K, used 9942K [0x000000076d000000, 0x0000000772300000, 0x00000007c0000000)
  eden space 64512K, 0% used [0x000000076d000000,0x000000076d000000,0x0000000770f00000)
  from space 10240K, 97% used [0x0000000770f00000,0x00000007718b5b48,0x0000000771900000)
  to   space 10240K, 0% used [0x0000000771900000,0x0000000771900000,0x0000000772300000)
 ParOldGen       total 171008K, used 88K [0x00000006c7000000, 0x00000006d1700000, 0x000000076d000000)
  object space 171008K, 0% used [0x00000006c7000000,0x00000006c7016010,0x00000006d1700000)
 Metaspace       used 20389K, capacity 21068K, committed 21248K, reserved 1067008K
  class space    used 2789K, capacity 2978K, committed 3072K, reserved 1048576K
}
Event: 5.982 GC heap before
{Heap before GC invocations=2 (full 1):
 PSYoungGen      total 74752K, used 9942K [0x000000076d000000, 0x0000000772300000, 0x00000007c0000000)
  eden space 64512K, 0% used [0x000000076d000000,0x000000076d000000,0x0000000770f00000)
  from space 10240K, 97% used [0x0000000770f00000,0x00000007718b5b48,0x0000000771900000)
  to   space 10240K, 0% used [0x0000000771900000,0x0000000771900000,0x0000000772300000)
 ParOldGen       total 171008K, used 88K [0x00000006c7000000, 0x00000006d1700000, 0x000000076d000000)
  object space 171008K, 0% used [0x00000006c7000000,0x00000006c7016010,0x00000006d1700000)
 Metaspace       used 20389K, capacity 21068K, committed 21248K, reserved 1067008K
  class space    used 2789K, capacity 2978K, committed 3072K, reserved 1048576K
Event: 6.009 GC heap after
Heap after GC invocations=2 (full 1):
 PSYoungGen      total 74752K, used 0K [0x000000076d000000, 0x0000000772300000, 0x00000007c0000000)
  eden space 64512K, 0% used [0x000000076d000000,0x000000076d000000,0x0000000770f00000)
  from space 10240K, 0% used [0x0000000770f00000,0x0000000770f00000,0x0000000771900000)
  to   space 10240K, 0% used [0x0000000771900000,0x0000000771900000,0x0000000772300000)
 ParOldGen       total 74752K, used 9743K [0x00000006c7000000, 0x00000006cb900000, 0x000000076d000000)
  object space 74752K, 13% used [0x00000006c7000000,0x00000006c7983fb8,0x00000006cb900000)
 Metaspace       used 20389K, capacity 21068K, committed 21248K, reserved 1067008K
  class space    used 2789K, capacity 2978K, committed 3072K, reserved 1048576K
}

