# JRE version: Java(TM) SE Runtime Environment (8.0_162-b12) (build 1.8.0_162-b12)
# Java VM: Java HotSpot(TM) 64-Bit Server VM (25.162-b12 mixed mode linux-amd64 compressed oops)
Heap:
 PSYoungGen      total 74752K, used 43854K [0x000000076d000000, 0x0000000772300000, 0x00000007c0000000)
  eden space 64512K, 67% used [0x000000076d000000,0x000000076fad3840,0x0000000770f00000)
  from space 10240K, 0% used [0x0000000770f00000,0x0000000770f00000,0x0000000771900000)
  to   space 10240K, 0% used [0x0000000771900000,0x0000000771900000,0x0000000772300000)
 ParOldGen       total 74752K, used 9760K [0x00000006c7000000, 0x00000006cb900000, 0x000000076d000000)
  object space 74752K, 13% used [0x00000006c7000000,0x00000006c7988218,0x00000006cb900000)
 Metaspace       used 29062K, capacity 31580K, committed 31744K, reserved 1077248K
  class space    used 4318K, capacity 4814K, committed 4864K, reserved 1048576K
GC Heap History (4 events):
Event: 7.139 GC heap before
{Heap before GC invocations=1 (full 0):
 PSYoungGen      total 74752K, used 51971K [0x000000076d000000, 0x0000000772300000, 0x00000007c0000000)
  eden space 64512K, 80% used [0x000000076d000000,0x00000007702c0dd8,0x0000000770f00000)
  from space 10240K, 0% used [0x0000000771900000,0x0000000771900000,0x0000000772300000)
  to   space 10240K, 0% used [0x0000000770f00000,0x0000000770f00000,0x0000000771900000)
 ParOldGen       total 171008K, used 0K [0x00000006c7000000, 0x00000006d1700000, 0x000000076d000000)
  object space 171008K, 0% used [0x00000006c7000000,0x00000006c7000000,0x00000006d1700000)
 Metaspace       used 20393K, capacity 21036K, committed 21248K, reserved 1067008K
  class space    used 2781K, capacity 2946K, committed 3072K, reserved 1048576K
Event: 7.146 GC heap after
Heap after GC invocations=1 (full 0):
 PSYoungGen      total 74752K, used 9970K [0x000000076d000000, 0x0000000772300000, 0x00000007c0000000)
  eden space 64512K, 0% used [0x000000076d000000,0x000000076d000000,0x0000000770f00000)
  from space 10240K, 97% used [0x0000000770f00000,0x00000007718bcb80,0x0000000771900000)
  to   space 10240K, 0% used [0x0000000771900000,0x0000000771900000,0x0000000772300000)
 ParOldGen       total 171008K, used 88K [0x00000006c7000000, 0x00000006d1700000, 0x000000076d000000)
  object space 171008K, 0% used [0x00000006c7000000,0x00000006c7016010,0x00000006d1700000)
 Metaspace       used 20393K, capacity 21036K, committed 21248K, reserved 1067008K
  class space    used 2781K, capacity 2946K, committed 3072K, reserved 1048576K
}
Event: 7.146 GC heap before
{Heap before GC invocations=2 (full 1):
 PSYoungGen      total 74752K, used 9970K [0x000000076d000000, 0x0000000772300000, 0x00000007c0000000)
  eden space 64512K, 0% used [0x000000076d000000,0x000000076d000000,0x0000000770f00000)
  from space 10240K, 97% used [0x0000000770f00000,0x00000007718bcb80,0x0000000771900000)
  to   space 10240K, 0% used [0x0000000771900000,0x0000000771900000,0x0000000772300000)
 ParOldGen       total 171008K, used 88K [0x00000006c7000000, 0x00000006d1700000, 0x000000076d000000)
  object space 171008K, 0% used [0x00000006c7000000,0x00000006c7016010,0x00000006d1700000)
 Metaspace       used 20393K, capacity 21036K, committed 21248K, reserved 1067008K
  class space    used 2781K, capacity 2946K, committed 3072K, reserved 1048576K
Event: 7.176 GC heap after
Heap after GC invocations=2 (full 1):
 PSYoungGen      total 74752K, used 0K [0x000000076d000000, 0x0000000772300000, 0x00000007c0000000)
  eden space 64512K, 0% used [0x000000076d000000,0x000000076d000000,0x0000000770f00000)
  from space 10240K, 0% used [0x0000000770f00000,0x0000000770f00000,0x0000000771900000)
  to   space 10240K, 0% used [0x0000000771900000,0x0000000771900000,0x0000000772300000)
 ParOldGen       total 74752K, used 9760K [0x00000006c7000000, 0x00000006cb900000, 0x000000076d000000)
  object space 74752K, 13% used [0x00000006c7000000,0x00000006c7988218,0x00000006cb900000)
 Metaspace       used 20393K, capacity 21036K, committed 21248K, reserved 1067008K
  class space    used 2781K, capacity 2946K, committed 3072K, reserved 1048576K
}

