# JRE version: Java(TM) SE Runtime Environment (8.0_162-b12) (build 1.8.0_162-b12)
# Java VM: Java HotSpot(TM) 64-Bit Server VM (25.162-b12 mixed mode linux-amd64 compressed oops)
Heap:
 PSYoungGen      total 74752K, used 40875K [0x000000076d000000, 0x0000000772300000, 0x00000007c0000000)
  eden space 64512K, 63% used [0x000000076d000000,0x000000076f7eae48,0x0000000770f00000)
  from space 10240K, 0% used [0x0000000770f00000,0x0000000770f00000,0x0000000771900000)
  to   space 10240K, 0% used [0x0000000771900000,0x0000000771900000,0x0000000772300000)
 ParOldGen       total 126976K, used 9973K [0x00000006c7000000, 0x00000006cec00000, 0x000000076d000000)
  object space 126976K, 7% used [0x00000006c7000000,0x00000006c79bd7b0,0x00000006cec00000)
 Metaspace       used 28779K, capacity 31260K, committed 31488K, reserved 1075200K
  class space    used 4318K, capacity 4814K, committed 4864K, reserved 1048576K
GC Heap History (4 events):
Event: 9.776 GC heap before
{Heap before GC invocations=1 (full 0):
 PSYoungGen      total 74752K, used 54561K [0x000000076d000000, 0x0000000772300000, 0x00000007c0000000)
  eden space 64512K, 84% used [0x000000076d000000,0x00000007705484d8,0x0000000770f00000)
  from space 10240K, 0% used [0x0000000771900000,0x0000000771900000,0x0000000772300000)
  to   space 10240K, 0% used [0x0000000770f00000,0x0000000770f00000,0x0000000771900000)
 ParOldGen       total 171008K, used 0K [0x00000006c7000000, 0x00000006d1700000, 0x000000076d000000)
  object space 171008K, 0% used [0x00000006c7000000,0x00000006c7000000,0x00000006d1700000)
 Metaspace       used 20381K, capacity 21112K, committed 21248K, reserved 1067008K
  class space    used 2813K, capacity 3012K, committed 3072K, reserved 1048576K
Event: 9.798 GC heap after
Heap after GC invocations=1 (full 0):
 PSYoungGen      total 74752K, used 10134K [0x000000076d000000, 0x0000000772300000, 0x00000007c0000000)
  eden space 64512K, 0% used [0x000000076d000000,0x000000076d000000,0x0000000770f00000)
  from space 10240K, 98% used [0x0000000770f00000,0x00000007718e5bc0,0x0000000771900000)
  to   space 10240K, 0% used [0x0000000771900000,0x0000000771900000,0x0000000772300000)
 ParOldGen       total 171008K, used 88K [0x00000006c7000000, 0x00000006d1700000, 0x000000076d000000)
  object space 171008K, 0% used [0x00000006c7000000,0x00000006c7016010,0x00000006d1700000)
 Metaspace       used 20381K, capacity 21112K, committed 21248K, reserved 1067008K
  class space    used 2813K, capacity 3012K, committed 3072K, reserved 1048576K
}
Event: 9.798 GC heap before
{Heap before GC invocations=2 (full 1):
 PSYoungGen      total 74752K, used 10134K [0x000000076d000000, 0x0000000772300000, 0x00000007c0000000)
  eden space 64512K, 0% used [0x000000076d000000,0x000000076d000000,0x0000000770f00000)
  from space 10240K, 98% used [0x0000000770f00000,0x00000007718e5bc0,0x0000000771900000)
  to   space 10240K, 0% used [0x0000000771900000,0x0000000771900000,0x0000000772300000)
 ParOldGen       total 171008K, used 88K [0x00000006c7000000, 0x00000006d1700000, 0x000000076d000000)
  object space 171008K, 0% used [0x00000006c7000000,0x00000006c7016010,0x00000006d1700000)
 Metaspace       used 20381K, capacity 21112K, committed 21248K, reserved 1067008K
  class space    used 2813K, capacity 3012K, committed 3072K, reserved 1048576K
Event: 9.884 GC heap after
Heap after GC invocations=2 (full 1):
 PSYoungGen      total 74752K, used 0K [0x000000076d000000, 0x0000000772300000, 0x00000007c0000000)
  eden space 64512K, 0% used [0x000000076d000000,0x000000076d000000,0x0000000770f00000)
  from space 10240K, 0% used [0x0000000770f00000,0x0000000770f00000,0x0000000771900000)
  to   space 10240K, 0% used [0x0000000771900000,0x0000000771900000,0x0000000772300000)
 ParOldGen       total 126976K, used 9973K [0x00000006c7000000, 0x00000006cec00000, 0x000000076d000000)
  object space 126976K, 7% used [0x00000006c7000000,0x00000006c79bd7b0,0x00000006cec00000)
 Metaspace       used 20381K, capacity 21112K, committed 21248K, reserved 1067008K
  class space    used 2813K, capacity 3012K, committed 3072K, reserved 1048576K
}

